[Thu, 19 Feb 15 15:57:18 +0530][ERROR] API : Middleware: Invalid User user_id : 54e31773bd04ecc5128b4567
[Mon, 23 Feb 15 08:01:31 +0000][ERROR] API : registration : JAXL registration failed with error registration failed with error code: 409 and type: cancel
. 5555555555
[Mon, 23 Feb 15 17:34:07 +0530][ALERT] API : createPost : Please provide all input values.: user_id : 54e58635bd04ec7c058b4568
[Mon, 23 Feb 15 17:35:18 +0530][ALERT] API : createPost : Please provide all input values.: user_id : 54e58635bd04ec7c058b4568
[Mon, 23 Feb 15 18:13:08 +0530][ERROR] API : createPost : exception 'MongoCursorException' with message 'localhost:27017: Remote server has closed the connection' in /var/www/html/sociabileapi/my-rest-api/controllers/PostsController.php:132
Stack trace:
#0 /var/www/html/sociabileapi/my-rest-api/controllers/PostsController.php(132): MongoDB->execute('return db.posts...')
#1 /var/www/html/sociabileapi/my-rest-api/index.php(65): PostsController->getPostsAction(Array, Array)
#2 [internal function]: {closure}()
#3 /var/www/html/sociabileapi/my-rest-api/index.php(302): Phalcon\Mvc\Micro->handle()
#4 {main} : user_id : 54e58635bd04ec7c058b4568
[Mon, 23 Feb 15 18:19:38 +0530][ERROR] API : createPost : exception 'MongoCursorException' with message 'localhost:27017: Remote server has closed the connection' in /var/www/html/sociabileapi/my-rest-api/controllers/PostsController.php:132
Stack trace:
#0 /var/www/html/sociabileapi/my-rest-api/controllers/PostsController.php(132): MongoDB->execute('return db.posts...')
#1 /var/www/html/sociabileapi/my-rest-api/index.php(65): PostsController->getPostsAction(Array, Array)
#2 [internal function]: {closure}()
#3 /var/www/html/sociabileapi/my-rest-api/index.php(302): Phalcon\Mvc\Micro->handle()
#4 {main} : user_id : 54e58635bd04ec7c058b4568
[Mon, 23 Feb 15 18:30:40 +0530][ERROR] API : createPost : exception 'MongoCursorException' with message 'localhost:27017: Remote server has closed the connection' in /var/www/html/sociabileapi/my-rest-api/controllers/PostsController.php:132
Stack trace:
#0 /var/www/html/sociabileapi/my-rest-api/controllers/PostsController.php(132): MongoDB->execute('return db.posts...')
#1 /var/www/html/sociabileapi/my-rest-api/index.php(65): PostsController->getPostsAction(Array, Array)
#2 [internal function]: {closure}()
#3 /var/www/html/sociabileapi/my-rest-api/index.php(302): Phalcon\Mvc\Micro->handle()
#4 {main} : user_id : 54e58635bd04ec7c058b4568
[Mon, 23 Feb 15 18:48:19 +0530][ERROR] API : createPost : exception 'MongoCursorException' with message 'localhost:27017: Remote server has closed the connection' in /var/www/html/sociabileapi/my-rest-api/controllers/PostsController.php:137
Stack trace:
#0 /var/www/html/sociabileapi/my-rest-api/controllers/PostsController.php(137): MongoDB->execute('return db.posts...')
#1 /var/www/html/sociabileapi/my-rest-api/index.php(65): PostsController->getPostsAction(Array, Array)
#2 [internal function]: {closure}()
#3 /var/www/html/sociabileapi/my-rest-api/index.php(302): Phalcon\Mvc\Micro->handle()
#4 {main} : user_id : 54e58635bd04ec7c058b4568
[Tue, 24 Feb 15 16:26:55 +0530][ALERT] API : likePost : Please provide all input values.: user_id : 54e586d1bd04ec7f058b4568
